[ 2014-01-08T20:14:52+08:00 ] 127.0.0.1 /wish/
INFO: [ app_begin ] --START--
INFO: ReadHtmlCache Behavior ::run [ RunTime:0.000559s ]
INFO: [ app_begin ] --END-- [ RunTime:0.000739s ]
INFO: [ view_parse ] --START--
INFO: ParseTemplate Behavior ::run [ RunTime:0.006152s ]
INFO: [ view_parse ] --END-- [ RunTime:0.006286s ]
INFO: [ view_filter ] --START--
NOTIC: [8] Use of undefined constant APP_TMPL_PATH - assumed 'APP_TMPL_PATH' /Library/WebServer/Documents/wish/ThinkPHP/Lib/Behavior/ContentReplaceBehavior.class.php 第 40 行.
NOTIC: [8] Use of undefined constant APP_TMPL_PATH - assumed 'APP_TMPL_PATH' /Library/WebServer/Documents/wish/ThinkPHP/Lib/Behavior/ContentReplaceBehavior.class.php 第 47 行.
INFO: ContentReplace Behavior ::run [ RunTime:0.000376s ]
INFO: TokenBuild Behavior ::run [ RunTime:0.000297s ]
INFO: WriteHtmlCache Behavior ::run [ RunTime:0.000181s ]
INFO: ShowRuntime Behavior ::run [ RunTime:0.000407s ]
INFO: [ view_filter ] --END-- [ RunTime:0.001457s ]
INFO: [ view_end ] --START--
INFO: ShowPageTrace Behavior ::run [ RunTime:0.000581s ]
INFO: [ view_end ] --END-- [ RunTime:0.000652s ]

[ 2014-01-08T20:19:42+08:00 ] 127.0.0.1 /wish/
INFO: [ app_begin ] --START--
INFO: ReadHtmlCache Behavior ::run [ RunTime:0.000499s ]
INFO: [ app_begin ] --END-- [ RunTime:0.000702s ]
ERR: 无法加载模块:Index

[ 2014-01-08T20:22:40+08:00 ] 127.0.0.1 /wish/
INFO: [ app_begin ] --START--
INFO: ReadHtmlCache Behavior ::run [ RunTime:0.000316s ]
INFO: [ app_begin ] --END-- [ RunTime:0.000460s ]

[ 2014-01-08T20:22:48+08:00 ] 127.0.0.1 /wish/index.php/admin
INFO: [ route_check ] --START--
INFO: CheckRoute Behavior ::run [ RunTime:0.000641s ]
INFO: [ route_check ] --END-- [ RunTime:0.000741s ]
INFO: [ app_begin ] --START--
INFO: ReadHtmlCache Behavior ::run [ RunTime:0.000444s ]
INFO: [ app_begin ] --END-- [ RunTime:0.000521s ]
ERR: 无法加载模块:admin

[ 2014-01-08T20:22:54+08:00 ] 127.0.0.1 /wish/index.php/admin
INFO: [ route_check ] --START--
INFO: CheckRoute Behavior ::run [ RunTime:0.000629s ]
INFO: [ route_check ] --END-- [ RunTime:0.000717s ]
INFO: [ app_begin ] --START--
INFO: ReadHtmlCache Behavior ::run [ RunTime:0.000415s ]
INFO: [ app_begin ] --END-- [ RunTime:0.000481s ]
ERR: 无法加载模块:admin

[ 2014-01-08T20:22:56+08:00 ] 127.0.0.1 /wish/index.php/admin
INFO: [ route_check ] --START--
INFO: CheckRoute Behavior ::run [ RunTime:0.000692s ]
INFO: [ route_check ] --END-- [ RunTime:0.000793s ]
INFO: [ app_begin ] --START--
INFO: ReadHtmlCache Behavior ::run [ RunTime:0.000428s ]
INFO: [ app_begin ] --END-- [ RunTime:0.000499s ]
ERR: 无法加载模块:admin

[ 2014-01-08T20:22:57+08:00 ] 127.0.0.1 /wish/index.php/admin
INFO: [ route_check ] --START--
INFO: CheckRoute Behavior ::run [ RunTime:0.000342s ]
INFO: [ route_check ] --END-- [ RunTime:0.000396s ]
INFO: [ app_begin ] --START--
INFO: ReadHtmlCache Behavior ::run [ RunTime:0.000217s ]
INFO: [ app_begin ] --END-- [ RunTime:0.000251s ]
ERR: 无法加载模块:admin

[ 2014-01-08T20:22:57+08:00 ] 127.0.0.1 /wish/index.php/admin
INFO: [ route_check ] --START--
INFO: CheckRoute Behavior ::run [ RunTime:0.000364s ]
INFO: [ route_check ] --END-- [ RunTime:0.000423s ]
INFO: [ app_begin ] --START--
INFO: ReadHtmlCache Behavior ::run [ RunTime:0.000233s ]
INFO: [ app_begin ] --END-- [ RunTime:0.000269s ]
ERR: 无法加载模块:admin

[ 2014-01-08T20:22:57+08:00 ] 127.0.0.1 /wish/index.php/admin
INFO: [ route_check ] --START--
INFO: CheckRoute Behavior ::run [ RunTime:0.000392s ]
INFO: [ route_check ] --END-- [ RunTime:0.000466s ]
INFO: [ app_begin ] --START--
INFO: ReadHtmlCache Behavior ::run [ RunTime:0.000242s ]
INFO: [ app_begin ] --END-- [ RunTime:0.000280s ]
ERR: 无法加载模块:admin

[ 2014-01-08T20:22:58+08:00 ] 127.0.0.1 /wish/index.php/admin
INFO: [ route_check ] --START--
INFO: CheckRoute Behavior ::run [ RunTime:0.000592s ]
INFO: [ route_check ] --END-- [ RunTime:0.000680s ]
INFO: [ app_begin ] --START--
INFO: ReadHtmlCache Behavior ::run [ RunTime:0.000373s ]
INFO: [ app_begin ] --END-- [ RunTime:0.000432s ]
ERR: 无法加载模块:admin

[ 2014-01-08T20:23:06+08:00 ] 127.0.0.1 /wish/index.php/admin
INFO: [ route_check ] --START--
INFO: CheckRoute Behavior ::run [ RunTime:0.000751s ]
INFO: [ route_check ] --END-- [ RunTime:0.000882s ]
INFO: [ app_begin ] --START--
INFO: ReadHtmlCache Behavior ::run [ RunTime:0.000439s ]
INFO: [ app_begin ] --END-- [ RunTime:0.000521s ]
ERR: 无法加载模块:admin

[ 2014-01-08T20:23:23+08:00 ] 127.0.0.1 /wish/index.php/admin
INFO: [ route_check ] --START--
INFO: CheckRoute Behavior ::run [ RunTime:0.000746s ]
INFO: [ route_check ] --END-- [ RunTime:0.000926s ]
INFO: [ app_begin ] --START--
INFO: ReadHtmlCache Behavior ::run [ RunTime:0.000422s ]
INFO: [ app_begin ] --END-- [ RunTime:0.000483s ]
ERR: 无法加载模块:admin

[ 2014-01-08T20:24:24+08:00 ] 127.0.0.1 /wish/index.php
INFO: [ app_begin ] --START--
INFO: ReadHtmlCache Behavior ::run [ RunTime:0.000447s ]
INFO: [ app_begin ] --END-- [ RunTime:0.000545s ]

[ 2014-01-08T20:24:39+08:00 ] 127.0.0.1 /wish/index.php/Index
INFO: [ route_check ] --START--
INFO: CheckRoute Behavior ::run [ RunTime:0.000570s ]
INFO: [ route_check ] --END-- [ RunTime:0.000661s ]
INFO: [ app_begin ] --START--
INFO: ReadHtmlCache Behavior ::run [ RunTime:0.000367s ]
INFO: [ app_begin ] --END-- [ RunTime:0.000422s ]

[ 2014-01-08T20:24:45+08:00 ] 127.0.0.1 /wish/index.php/admin
INFO: [ route_check ] --START--
INFO: CheckRoute Behavior ::run [ RunTime:0.000763s ]
INFO: [ route_check ] --END-- [ RunTime:0.000904s ]
INFO: [ app_begin ] --START--
INFO: ReadHtmlCache Behavior ::run [ RunTime:0.001138s ]
INFO: [ app_begin ] --END-- [ RunTime:0.001228s ]
ERR: 无法加载模块:admin

[ 2014-01-08T20:25:42+08:00 ] 127.0.0.1 /wish/index.php/App/admin
INFO: [ route_check ] --START--
INFO: CheckRoute Behavior ::run [ RunTime:0.000670s ]
INFO: [ route_check ] --END-- [ RunTime:0.000791s ]
INFO: [ app_begin ] --START--
INFO: ReadHtmlCache Behavior ::run [ RunTime:0.000294s ]
INFO: [ app_begin ] --END-- [ RunTime:0.000343s ]
ERR: 无法加载模块:App

[ 2014-01-08T20:27:29+08:00 ] 127.0.0.1 /wish/index.php/admin
INFO: [ route_check ] --START--
INFO: CheckRoute Behavior ::run [ RunTime:0.000344s ]
INFO: [ route_check ] --END-- [ RunTime:0.000397s ]
INFO: [ app_begin ] --START--
INFO: ReadHtmlCache Behavior ::run [ RunTime:0.000220s ]
INFO: [ app_begin ] --END-- [ RunTime:0.000254s ]
ERR: 无法加载模块:admin

[ 2014-01-08T20:27:30+08:00 ] 127.0.0.1 /wish/index.php/admin
INFO: [ route_check ] --START--
INFO: CheckRoute Behavior ::run [ RunTime:0.000571s ]
INFO: [ route_check ] --END-- [ RunTime:0.000648s ]
INFO: [ app_begin ] --START--
INFO: ReadHtmlCache Behavior ::run [ RunTime:0.000251s ]
INFO: [ app_begin ] --END-- [ RunTime:0.000290s ]
ERR: 无法加载模块:admin

[ 2014-01-08T20:27:36+08:00 ] 127.0.0.1 /wish/index.php/admin
INFO: [ route_check ] --START--
INFO: CheckRoute Behavior ::run [ RunTime:0.000663s ]
INFO: [ route_check ] --END-- [ RunTime:0.000766s ]
INFO: [ app_begin ] --START--
INFO: ReadHtmlCache Behavior ::run [ RunTime:0.001031s ]
INFO: [ app_begin ] --END-- [ RunTime:0.001116s ]
ERR: 无法加载模块:admin

[ 2014-01-08T20:27:42+08:00 ] 127.0.0.1 /wish/index.php/Index
INFO: [ route_check ] --START--
INFO: CheckRoute Behavior ::run [ RunTime:0.000608s ]
INFO: [ route_check ] --END-- [ RunTime:0.000697s ]
INFO: [ app_begin ] --START--
INFO: ReadHtmlCache Behavior ::run [ RunTime:0.000408s ]
INFO: [ app_begin ] --END-- [ RunTime:0.000462s ]

[ 2014-01-08T20:27:58+08:00 ] 127.0.0.1 /wish/index.php
INFO: [ app_begin ] --START--
INFO: ReadHtmlCache Behavior ::run [ RunTime:0.000497s ]
INFO: [ app_begin ] --END-- [ RunTime:0.000597s ]
ERR: 无法加载模块:Index

[ 2014-01-08T20:28:05+08:00 ] 127.0.0.1 /wish/index.php/admin
INFO: [ route_check ] --START--
INFO: CheckRoute Behavior ::run [ RunTime:0.000654s ]
INFO: [ route_check ] --END-- [ RunTime:0.000765s ]
INFO: [ app_begin ] --START--
INFO: ReadHtmlCache Behavior ::run [ RunTime:0.000321s ]
INFO: [ app_begin ] --END-- [ RunTime:0.000383s ]
ERR: 非法操作:index

[ 2014-01-08T20:30:45+08:00 ] 127.0.0.1 /wish/index.php/admin
INFO: [ route_check ] --START--
INFO: CheckRoute Behavior ::run [ RunTime:0.000492s ]
INFO: [ route_check ] --END-- [ RunTime:0.000568s ]
INFO: [ app_begin ] --START--
INFO: ReadHtmlCache Behavior ::run [ RunTime:0.000267s ]
INFO: [ app_begin ] --END-- [ RunTime:0.000308s ]
ERR: 无法加载模块:admin

[ 2014-01-08T20:30:49+08:00 ] 127.0.0.1 /wish/index.php/admin
INFO: [ route_check ] --START--
INFO: CheckRoute Behavior ::run [ RunTime:0.000483s ]
INFO: [ route_check ] --END-- [ RunTime:0.000564s ]
INFO: [ app_begin ] --START--
INFO: ReadHtmlCache Behavior ::run [ RunTime:0.000397s ]
INFO: [ app_begin ] --END-- [ RunTime:0.000463s ]
ERR: 无法加载模块:admin

[ 2014-01-08T20:30:54+08:00 ] 127.0.0.1 /wish/index.php/admin
INFO: [ route_check ] --START--
INFO: CheckRoute Behavior ::run [ RunTime:0.000388s ]
INFO: [ route_check ] --END-- [ RunTime:0.000462s ]
INFO: [ app_begin ] --START--
INFO: ReadHtmlCache Behavior ::run [ RunTime:0.000339s ]
INFO: [ app_begin ] --END-- [ RunTime:0.000398s ]
ERR: 无法加载模块:admin

[ 2014-01-08T20:31:12+08:00 ] 127.0.0.1 /wish/index.php/admin
INFO: [ route_check ] --START--
INFO: CheckRoute Behavior ::run [ RunTime:0.000377s ]
INFO: [ route_check ] --END-- [ RunTime:0.000436s ]
INFO: [ app_begin ] --START--
INFO: ReadHtmlCache Behavior ::run [ RunTime:0.000236s ]
INFO: [ app_begin ] --END-- [ RunTime:0.000273s ]
ERR: 无法加载模块:admin

[ 2014-01-08T20:31:13+08:00 ] 127.0.0.1 /wish/index.php/admin
INFO: [ route_check ] --START--
INFO: CheckRoute Behavior ::run [ RunTime:0.000370s ]
INFO: [ route_check ] --END-- [ RunTime:0.000429s ]
INFO: [ app_begin ] --START--
INFO: ReadHtmlCache Behavior ::run [ RunTime:0.000236s ]
INFO: [ app_begin ] --END-- [ RunTime:0.000273s ]
ERR: 无法加载模块:admin

[ 2014-01-08T20:31:13+08:00 ] 127.0.0.1 /wish/index.php/admin
INFO: [ route_check ] --START--
INFO: CheckRoute Behavior ::run [ RunTime:0.000369s ]
INFO: [ route_check ] --END-- [ RunTime:0.000427s ]
INFO: [ app_begin ] --START--
INFO: ReadHtmlCache Behavior ::run [ RunTime:0.000234s ]
INFO: [ app_begin ] --END-- [ RunTime:0.000270s ]
ERR: 无法加载模块:admin

[ 2014-01-08T20:31:13+08:00 ] 127.0.0.1 /wish/index.php/admin
INFO: [ route_check ] --START--
INFO: CheckRoute Behavior ::run [ RunTime:0.000424s ]
INFO: [ route_check ] --END-- [ RunTime:0.000488s ]
INFO: [ app_begin ] --START--
INFO: ReadHtmlCache Behavior ::run [ RunTime:0.000251s ]
INFO: [ app_begin ] --END-- [ RunTime:0.000291s ]
ERR: 无法加载模块:admin

[ 2014-01-08T20:31:13+08:00 ] 127.0.0.1 /wish/index.php/admin
INFO: [ route_check ] --START--
INFO: CheckRoute Behavior ::run [ RunTime:0.000377s ]
INFO: [ route_check ] --END-- [ RunTime:0.000437s ]
INFO: [ app_begin ] --START--
INFO: ReadHtmlCache Behavior ::run [ RunTime:0.000242s ]
INFO: [ app_begin ] --END-- [ RunTime:0.000280s ]
ERR: 无法加载模块:admin

[ 2014-01-08T20:31:14+08:00 ] 127.0.0.1 /wish/index.php/admin
INFO: [ route_check ] --START--
INFO: CheckRoute Behavior ::run [ RunTime:0.000382s ]
INFO: [ route_check ] --END-- [ RunTime:0.000441s ]
INFO: [ app_begin ] --START--
INFO: ReadHtmlCache Behavior ::run [ RunTime:0.000254s ]
INFO: [ app_begin ] --END-- [ RunTime:0.000297s ]
ERR: 无法加载模块:admin

[ 2014-01-08T20:31:14+08:00 ] 127.0.0.1 /wish/index.php/admin
INFO: [ route_check ] --START--
INFO: CheckRoute Behavior ::run [ RunTime:0.000376s ]
INFO: [ route_check ] --END-- [ RunTime:0.000434s ]
INFO: [ app_begin ] --START--
INFO: ReadHtmlCache Behavior ::run [ RunTime:0.000234s ]
INFO: [ app_begin ] --END-- [ RunTime:0.000272s ]
ERR: 无法加载模块:admin

[ 2014-01-08T20:31:14+08:00 ] 127.0.0.1 /wish/index.php/admin
INFO: [ route_check ] --START--
INFO: CheckRoute Behavior ::run [ RunTime:0.000411s ]
INFO: [ route_check ] --END-- [ RunTime:0.000471s ]
INFO: [ app_begin ] --START--
INFO: ReadHtmlCache Behavior ::run [ RunTime:0.000312s ]
INFO: [ app_begin ] --END-- [ RunTime:0.000351s ]
ERR: 无法加载模块:admin

[ 2014-01-08T20:31:15+08:00 ] 127.0.0.1 /wish/index.php/admin
INFO: [ route_check ] --START--
INFO: CheckRoute Behavior ::run [ RunTime:0.000391s ]
INFO: [ route_check ] --END-- [ RunTime:0.000449s ]
INFO: [ app_begin ] --START--
INFO: ReadHtmlCache Behavior ::run [ RunTime:0.000236s ]
INFO: [ app_begin ] --END-- [ RunTime:0.000273s ]
ERR: 无法加载模块:admin

[ 2014-01-08T20:31:15+08:00 ] 127.0.0.1 /wish/index.php/admin
INFO: [ route_check ] --START--
INFO: CheckRoute Behavior ::run [ RunTime:0.000373s ]
INFO: [ route_check ] --END-- [ RunTime:0.000430s ]
INFO: [ app_begin ] --START--
INFO: ReadHtmlCache Behavior ::run [ RunTime:0.000236s ]
INFO: [ app_begin ] --END-- [ RunTime:0.000274s ]
ERR: 无法加载模块:admin

[ 2014-01-08T20:31:15+08:00 ] 127.0.0.1 /wish/index.php/admin
INFO: [ route_check ] --START--
INFO: CheckRoute Behavior ::run [ RunTime:0.000380s ]
INFO: [ route_check ] --END-- [ RunTime:0.000438s ]
INFO: [ app_begin ] --START--
INFO: ReadHtmlCache Behavior ::run [ RunTime:0.000235s ]
INFO: [ app_begin ] --END-- [ RunTime:0.000272s ]
ERR: 无法加载模块:admin

[ 2014-01-08T20:31:15+08:00 ] 127.0.0.1 /wish/index.php/admin
INFO: [ route_check ] --START--
INFO: CheckRoute Behavior ::run [ RunTime:0.000383s ]
INFO: [ route_check ] --END-- [ RunTime:0.000442s ]
INFO: [ app_begin ] --START--
INFO: ReadHtmlCache Behavior ::run [ RunTime:0.000242s ]
INFO: [ app_begin ] --END-- [ RunTime:0.000281s ]
ERR: 无法加载模块:admin

[ 2014-01-08T20:31:16+08:00 ] 127.0.0.1 /wish/index.php/admin
INFO: [ route_check ] --START--
INFO: CheckRoute Behavior ::run [ RunTime:0.000728s ]
INFO: [ route_check ] --END-- [ RunTime:0.000827s ]
INFO: [ app_begin ] --START--
INFO: ReadHtmlCache Behavior ::run [ RunTime:0.000431s ]
INFO: [ app_begin ] --END-- [ RunTime:0.000500s ]
ERR: 无法加载模块:admin

[ 2014-01-08T20:31:16+08:00 ] 127.0.0.1 /wish/index.php/admin
INFO: [ route_check ] --START--
INFO: CheckRoute Behavior ::run [ RunTime:0.000626s ]
INFO: [ route_check ] --END-- [ RunTime:0.000723s ]
INFO: [ app_begin ] --START--
INFO: ReadHtmlCache Behavior ::run [ RunTime:0.000426s ]
INFO: [ app_begin ] --END-- [ RunTime:0.000497s ]
ERR: 无法加载模块:admin

[ 2014-01-08T20:31:17+08:00 ] 127.0.0.1 /wish/index.php/admin
INFO: [ route_check ] --START--
INFO: CheckRoute Behavior ::run [ RunTime:0.000348s ]
INFO: [ route_check ] --END-- [ RunTime:0.000404s ]
INFO: [ app_begin ] --START--
INFO: ReadHtmlCache Behavior ::run [ RunTime:0.000218s ]
INFO: [ app_begin ] --END-- [ RunTime:0.000252s ]
ERR: 无法加载模块:admin

[ 2014-01-08T20:31:17+08:00 ] 127.0.0.1 /wish/index.php/admin
INFO: [ route_check ] --START--
INFO: CheckRoute Behavior ::run [ RunTime:0.000370s ]
INFO: [ route_check ] --END-- [ RunTime:0.000427s ]
INFO: [ app_begin ] --START--
INFO: ReadHtmlCache Behavior ::run [ RunTime:0.000236s ]
INFO: [ app_begin ] --END-- [ RunTime:0.000272s ]
ERR: 无法加载模块:admin

[ 2014-01-08T20:31:17+08:00 ] 127.0.0.1 /wish/index.php/admin
INFO: [ route_check ] --START--
INFO: CheckRoute Behavior ::run [ RunTime:0.000582s ]
INFO: [ route_check ] --END-- [ RunTime:0.000670s ]
INFO: [ app_begin ] --START--
INFO: ReadHtmlCache Behavior ::run [ RunTime:0.000366s ]
INFO: [ app_begin ] --END-- [ RunTime:0.000425s ]
ERR: 无法加载模块:admin

[ 2014-01-08T20:31:17+08:00 ] 127.0.0.1 /wish/index.php/admin
INFO: [ route_check ] --START--
INFO: CheckRoute Behavior ::run [ RunTime:0.000382s ]
INFO: [ route_check ] --END-- [ RunTime:0.000440s ]
INFO: [ app_begin ] --START--
INFO: ReadHtmlCache Behavior ::run [ RunTime:0.000241s ]
INFO: [ app_begin ] --END-- [ RunTime:0.000279s ]
ERR: 无法加载模块:admin

[ 2014-01-08T20:31:20+08:00 ] 127.0.0.1 /wish/index.php
INFO: [ app_begin ] --START--
INFO: ReadHtmlCache Behavior ::run [ RunTime:0.000300s ]
INFO: [ app_begin ] --END-- [ RunTime:0.000365s ]

[ 2014-01-08T20:31:25+08:00 ] 127.0.0.1 /wish/index.php/Index
INFO: [ route_check ] --START--
INFO: CheckRoute Behavior ::run [ RunTime:0.000449s ]
INFO: [ route_check ] --END-- [ RunTime:0.000529s ]
INFO: [ app_begin ] --START--
INFO: ReadHtmlCache Behavior ::run [ RunTime:0.000424s ]
INFO: [ app_begin ] --END-- [ RunTime:0.000491s ]

[ 2014-01-08T20:31:29+08:00 ] 127.0.0.1 /wish/index.php/admin
INFO: [ route_check ] --START--
INFO: CheckRoute Behavior ::run [ RunTime:0.000422s ]
INFO: [ route_check ] --END-- [ RunTime:0.000485s ]
INFO: [ app_begin ] --START--
INFO: ReadHtmlCache Behavior ::run [ RunTime:0.000264s ]
INFO: [ app_begin ] --END-- [ RunTime:0.000303s ]
ERR: 无法加载模块:admin

[ 2014-01-08T20:31:43+08:00 ] 127.0.0.1 /wish/index.php/admin
INFO: [ route_check ] --START--
INFO: CheckRoute Behavior ::run [ RunTime:0.000385s ]
INFO: [ route_check ] --END-- [ RunTime:0.000444s ]
INFO: [ app_begin ] --START--
INFO: ReadHtmlCache Behavior ::run [ RunTime:0.000244s ]
INFO: [ app_begin ] --END-- [ RunTime:0.000282s ]
ERR: 无法加载模块:admin

[ 2014-01-08T20:31:43+08:00 ] 127.0.0.1 /wish/index.php/admin
INFO: [ route_check ] --START--
INFO: CheckRoute Behavior ::run [ RunTime:0.000369s ]
INFO: [ route_check ] --END-- [ RunTime:0.000428s ]
INFO: [ app_begin ] --START--
INFO: ReadHtmlCache Behavior ::run [ RunTime:0.000234s ]
INFO: [ app_begin ] --END-- [ RunTime:0.000271s ]
ERR: 无法加载模块:admin

[ 2014-01-08T20:31:43+08:00 ] 127.0.0.1 /wish/index.php/admin
INFO: [ route_check ] --START--
INFO: CheckRoute Behavior ::run [ RunTime:0.000340s ]
INFO: [ route_check ] --END-- [ RunTime:0.000408s ]
INFO: [ app_begin ] --START--
INFO: ReadHtmlCache Behavior ::run [ RunTime:0.000216s ]
INFO: [ app_begin ] --END-- [ RunTime:0.000251s ]
ERR: 无法加载模块:admin

[ 2014-01-08T20:31:44+08:00 ] 127.0.0.1 /wish/index.php/admin
INFO: [ route_check ] --START--
INFO: CheckRoute Behavior ::run [ RunTime:0.000611s ]
INFO: [ route_check ] --END-- [ RunTime:0.000697s ]
INFO: [ app_begin ] --START--
INFO: ReadHtmlCache Behavior ::run [ RunTime:0.000368s ]
INFO: [ app_begin ] --END-- [ RunTime:0.000418s ]
ERR: 无法加载模块:admin

[ 2014-01-08T20:31:44+08:00 ] 127.0.0.1 /wish/index.php/admin
INFO: [ route_check ] --START--
INFO: CheckRoute Behavior ::run [ RunTime:0.000375s ]
INFO: [ route_check ] --END-- [ RunTime:0.000434s ]
INFO: [ app_begin ] --START--
INFO: ReadHtmlCache Behavior ::run [ RunTime:0.000240s ]
INFO: [ app_begin ] --END-- [ RunTime:0.000278s ]
ERR: 无法加载模块:admin

[ 2014-01-08T20:32:17+08:00 ] 127.0.0.1 /wish/index.php/admin
INFO: [ route_check ] --START--
INFO: CheckRoute Behavior ::run [ RunTime:0.000385s ]
INFO: [ route_check ] --END-- [ RunTime:0.000443s ]
INFO: [ app_begin ] --START--
INFO: ReadHtmlCache Behavior ::run [ RunTime:0.000234s ]
INFO: [ app_begin ] --END-- [ RunTime:0.000270s ]
ERR: 无法加载模块:admin

[ 2014-01-08T20:32:17+08:00 ] 127.0.0.1 /wish/index.php/admin
INFO: [ route_check ] --START--
INFO: CheckRoute Behavior ::run [ RunTime:0.000412s ]
INFO: [ route_check ] --END-- [ RunTime:0.000484s ]
INFO: [ app_begin ] --START--
INFO: ReadHtmlCache Behavior ::run [ RunTime:0.000248s ]
INFO: [ app_begin ] --END-- [ RunTime:0.000288s ]
ERR: 无法加载模块:admin

[ 2014-01-08T20:32:18+08:00 ] 127.0.0.1 /wish/index.php/admin
INFO: [ route_check ] --START--
INFO: CheckRoute Behavior ::run [ RunTime:0.000383s ]
INFO: [ route_check ] --END-- [ RunTime:0.000445s ]
INFO: [ app_begin ] --START--
INFO: ReadHtmlCache Behavior ::run [ RunTime:0.000236s ]
INFO: [ app_begin ] --END-- [ RunTime:0.000273s ]
ERR: 无法加载模块:admin

[ 2014-01-08T20:32:18+08:00 ] 127.0.0.1 /wish/index.php/admin
INFO: [ route_check ] --START--
INFO: CheckRoute Behavior ::run [ RunTime:0.000378s ]
INFO: [ route_check ] --END-- [ RunTime:0.000437s ]
INFO: [ app_begin ] --START--
INFO: ReadHtmlCache Behavior ::run [ RunTime:0.000242s ]
INFO: [ app_begin ] --END-- [ RunTime:0.000280s ]
ERR: 无法加载模块:admin

[ 2014-01-08T20:32:18+08:00 ] 127.0.0.1 /wish/index.php/admin
INFO: [ route_check ] --START--
INFO: CheckRoute Behavior ::run [ RunTime:0.000380s ]
INFO: [ route_check ] --END-- [ RunTime:0.000438s ]
INFO: [ app_begin ] --START--
INFO: ReadHtmlCache Behavior ::run [ RunTime:0.000242s ]
INFO: [ app_begin ] --END-- [ RunTime:0.000280s ]
ERR: 无法加载模块:admin

[ 2014-01-08T20:32:20+08:00 ] 127.0.0.1 /wish/index.php
INFO: [ app_begin ] --START--
INFO: ReadHtmlCache Behavior ::run [ RunTime:0.000261s ]
INFO: [ app_begin ] --END-- [ RunTime:0.000320s ]

[ 2014-01-08T20:32:25+08:00 ] 127.0.0.1 /wish/index.php/Index
INFO: [ route_check ] --START--
INFO: CheckRoute Behavior ::run [ RunTime:0.000683s ]
INFO: [ route_check ] --END-- [ RunTime:0.000784s ]
INFO: [ app_begin ] --START--
INFO: ReadHtmlCache Behavior ::run [ RunTime:0.000452s ]
INFO: [ app_begin ] --END-- [ RunTime:0.000517s ]

[ 2014-01-08T20:32:31+08:00 ] 127.0.0.1 /wish/index.php/admin
INFO: [ route_check ] --START--
INFO: CheckRoute Behavior ::run [ RunTime:0.000656s ]
INFO: [ route_check ] --END-- [ RunTime:0.000750s ]
INFO: [ app_begin ] --START--
INFO: ReadHtmlCache Behavior ::run [ RunTime:0.000449s ]
INFO: [ app_begin ] --END-- [ RunTime:0.000525s ]
ERR: 无法加载模块:admin

[ 2014-01-08T20:32:37+08:00 ] 127.0.0.1 /wish/index.php
INFO: [ app_begin ] --START--
INFO: ReadHtmlCache Behavior ::run [ RunTime:0.000300s ]
INFO: [ app_begin ] --END-- [ RunTime:0.000396s ]

[ 2014-01-08T20:32:41+08:00 ] 127.0.0.1 /wish/index.php/Index
INFO: [ route_check ] --START--
INFO: CheckRoute Behavior ::run [ RunTime:0.000400s ]
INFO: [ route_check ] --END-- [ RunTime:0.000462s ]
INFO: [ app_begin ] --START--
INFO: ReadHtmlCache Behavior ::run [ RunTime:0.000257s ]
INFO: [ app_begin ] --END-- [ RunTime:0.000298s ]

[ 2014-01-08T20:32:51+08:00 ] 127.0.0.1 /wish/index.php/admin
INFO: [ route_check ] --START--
INFO: CheckRoute Behavior ::run [ RunTime:0.000388s ]
INFO: [ route_check ] --END-- [ RunTime:0.000448s ]
INFO: [ app_begin ] --START--
INFO: ReadHtmlCache Behavior ::run [ RunTime:0.000288s ]
INFO: [ app_begin ] --END-- [ RunTime:0.000341s ]
ERR: 无法加载模块:admin

[ 2014-01-08T20:33:03+08:00 ] 127.0.0.1 /wish/index.php/Admin
INFO: [ route_check ] --START--
INFO: CheckRoute Behavior ::run [ RunTime:0.000472s ]
INFO: [ route_check ] --END-- [ RunTime:0.000545s ]
INFO: [ app_begin ] --START--
INFO: ReadHtmlCache Behavior ::run [ RunTime:0.000400s ]
INFO: [ app_begin ] --END-- [ RunTime:0.000464s ]
ERR: 无法加载模块:Admin

[ 2014-01-08T20:33:16+08:00 ] 127.0.0.1 /wish/index.php/Admin
INFO: [ route_check ] --START--
INFO: CheckRoute Behavior ::run [ RunTime:0.000362s ]
INFO: [ route_check ] --END-- [ RunTime:0.000418s ]
INFO: [ app_begin ] --START--
INFO: ReadHtmlCache Behavior ::run [ RunTime:0.000221s ]
INFO: [ app_begin ] --END-- [ RunTime:0.000255s ]
ERR: 无法加载模块:Admin

[ 2014-01-08T20:33:17+08:00 ] 127.0.0.1 /wish/index.php/Admin
INFO: [ route_check ] --START--
INFO: CheckRoute Behavior ::run [ RunTime:0.000613s ]
INFO: [ route_check ] --END-- [ RunTime:0.000695s ]
INFO: [ app_begin ] --START--
INFO: ReadHtmlCache Behavior ::run [ RunTime:0.000377s ]
INFO: [ app_begin ] --END-- [ RunTime:0.000440s ]
ERR: 无法加载模块:Admin

[ 2014-01-08T20:33:17+08:00 ] 127.0.0.1 /wish/index.php/Admin
INFO: [ route_check ] --START--
INFO: CheckRoute Behavior ::run [ RunTime:0.000385s ]
INFO: [ route_check ] --END-- [ RunTime:0.000446s ]
INFO: [ app_begin ] --START--
INFO: ReadHtmlCache Behavior ::run [ RunTime:0.000241s ]
INFO: [ app_begin ] --END-- [ RunTime:0.000279s ]
ERR: 无法加载模块:Admin

[ 2014-01-08T20:33:17+08:00 ] 127.0.0.1 /wish/index.php/Admin
INFO: [ route_check ] --START--
INFO: CheckRoute Behavior ::run [ RunTime:0.000392s ]
INFO: [ route_check ] --END-- [ RunTime:0.000449s ]
INFO: [ app_begin ] --START--
INFO: ReadHtmlCache Behavior ::run [ RunTime:0.000236s ]
INFO: [ app_begin ] --END-- [ RunTime:0.000272s ]
ERR: 无法加载模块:Admin

[ 2014-01-08T20:33:18+08:00 ] 127.0.0.1 /wish/index.php/Admin
INFO: [ route_check ] --START--
INFO: CheckRoute Behavior ::run [ RunTime:0.000381s ]
INFO: [ route_check ] --END-- [ RunTime:0.000444s ]
INFO: [ app_begin ] --START--
INFO: ReadHtmlCache Behavior ::run [ RunTime:0.000239s ]
INFO: [ app_begin ] --END-- [ RunTime:0.000275s ]
ERR: 无法加载模块:Admin

[ 2014-01-08T20:33:18+08:00 ] 127.0.0.1 /wish/index.php/Admin
INFO: [ route_check ] --START--
INFO: CheckRoute Behavior ::run [ RunTime:0.000385s ]
INFO: [ route_check ] --END-- [ RunTime:0.000443s ]
INFO: [ app_begin ] --START--
INFO: ReadHtmlCache Behavior ::run [ RunTime:0.000243s ]
INFO: [ app_begin ] --END-- [ RunTime:0.000280s ]
ERR: 无法加载模块:Admin

[ 2014-01-08T20:33:18+08:00 ] 127.0.0.1 /wish/index.php/Admin
INFO: [ route_check ] --START--
INFO: CheckRoute Behavior ::run [ RunTime:0.000585s ]
INFO: [ route_check ] --END-- [ RunTime:0.000669s ]
INFO: [ app_begin ] --START--
INFO: ReadHtmlCache Behavior ::run [ RunTime:0.000353s ]
INFO: [ app_begin ] --END-- [ RunTime:0.000408s ]
ERR: 无法加载模块:Admin

[ 2014-01-08T20:33:18+08:00 ] 127.0.0.1 /wish/index.php/Admin
INFO: [ route_check ] --START--
INFO: CheckRoute Behavior ::run [ RunTime:0.000621s ]
INFO: [ route_check ] --END-- [ RunTime:0.000710s ]
INFO: [ app_begin ] --START--
INFO: ReadHtmlCache Behavior ::run [ RunTime:0.000374s ]
INFO: [ app_begin ] --END-- [ RunTime:0.000433s ]
ERR: 无法加载模块:Admin

[ 2014-01-08T20:33:19+08:00 ] 127.0.0.1 /wish/index.php/Admin
INFO: [ route_check ] --START--
INFO: CheckRoute Behavior ::run [ RunTime:0.000370s ]
INFO: [ route_check ] --END-- [ RunTime:0.000429s ]
INFO: [ app_begin ] --START--
INFO: ReadHtmlCache Behavior ::run [ RunTime:0.000235s ]
INFO: [ app_begin ] --END-- [ RunTime:0.000271s ]
ERR: 无法加载模块:Admin

[ 2014-01-08T20:33:19+08:00 ] 127.0.0.1 /wish/index.php/Admin
INFO: [ route_check ] --START--
INFO: CheckRoute Behavior ::run [ RunTime:0.000383s ]
INFO: [ route_check ] --END-- [ RunTime:0.000443s ]
INFO: [ app_begin ] --START--
INFO: ReadHtmlCache Behavior ::run [ RunTime:0.000273s ]
INFO: [ app_begin ] --END-- [ RunTime:0.000311s ]
ERR: 无法加载模块:Admin

[ 2014-01-08T20:33:54+08:00 ] 127.0.0.1 /wish/index.php/Admin
INFO: [ route_check ] --START--
INFO: CheckRoute Behavior ::run [ RunTime:0.000369s ]
INFO: [ route_check ] --END-- [ RunTime:0.000427s ]
INFO: [ app_begin ] --START--
INFO: ReadHtmlCache Behavior ::run [ RunTime:0.000235s ]
INFO: [ app_begin ] --END-- [ RunTime:0.000272s ]
ERR: 无法加载模块:Admin

[ 2014-01-08T20:34:02+08:00 ] 127.0.0.1 /wish/index.php/Index
INFO: [ route_check ] --START--
INFO: CheckRoute Behavior ::run [ RunTime:0.000580s ]
INFO: [ route_check ] --END-- [ RunTime:0.000665s ]
INFO: [ app_begin ] --START--
INFO: ReadHtmlCache Behavior ::run [ RunTime:0.000366s ]
INFO: [ app_begin ] --END-- [ RunTime:0.000423s ]

[ 2014-01-08T20:35:29+08:00 ] 127.0.0.1 /wish/index.php
INFO: [ app_begin ] --START--
INFO: ReadHtmlCache Behavior ::run [ RunTime:0.000257s ]
INFO: [ app_begin ] --END-- [ RunTime:0.000314s ]

[ 2014-01-08T20:35:35+08:00 ] 127.0.0.1 /wish/index.php/Admin/
INFO: [ route_check ] --START--
INFO: CheckRoute Behavior ::run [ RunTime:0.001075s ]
INFO: [ route_check ] --END-- [ RunTime:0.001181s ]
INFO: [ app_begin ] --START--
INFO: ReadHtmlCache Behavior ::run [ RunTime:0.000532s ]
INFO: [ app_begin ] --END-- [ RunTime:0.000701s ]
ERR: 无法加载模块:Admin

[ 2014-01-08T20:36:11+08:00 ] 127.0.0.1 /wish/index.php/
INFO: [ route_check ] --START--
INFO: CheckRoute Behavior ::run [ RunTime:0.000593s ]
INFO: [ route_check ] --END-- [ RunTime:0.000685s ]
INFO: [ app_begin ] --START--
INFO: ReadHtmlCache Behavior ::run [ RunTime:0.000343s ]
INFO: [ app_begin ] --END-- [ RunTime:0.000395s ]

[ 2014-01-08T20:36:16+08:00 ] 127.0.0.1 /wish/index.php/Admin
INFO: [ route_check ] --START--
INFO: CheckRoute Behavior ::run [ RunTime:0.000645s ]
INFO: [ route_check ] --END-- [ RunTime:0.000743s ]
INFO: [ app_begin ] --START--
INFO: ReadHtmlCache Behavior ::run [ RunTime:0.000397s ]
INFO: [ app_begin ] --END-- [ RunTime:0.000465s ]

[ 2014-01-08T20:36:22+08:00 ] 127.0.0.1 /wish/index.php/Index
INFO: [ route_check ] --START--
INFO: CheckRoute Behavior ::run [ RunTime:0.000965s ]
INFO: [ route_check ] --END-- [ RunTime:0.001066s ]
INFO: [ app_begin ] --START--
INFO: ReadHtmlCache Behavior ::run [ RunTime:0.000767s ]
INFO: [ app_begin ] --END-- [ RunTime:0.000854s ]

[ 2014-01-08T20:36:26+08:00 ] 127.0.0.1 /wish/index.php
INFO: [ app_begin ] --START--
INFO: ReadHtmlCache Behavior ::run [ RunTime:0.000422s ]
INFO: [ app_begin ] --END-- [ RunTime:0.000518s ]

[ 2014-01-08T20:36:31+08:00 ] 127.0.0.1 /wish/index.php/Admin
INFO: [ route_check ] --START--
INFO: CheckRoute Behavior ::run [ RunTime:0.000651s ]
INFO: [ route_check ] --END-- [ RunTime:0.000748s ]
INFO: [ app_begin ] --START--
INFO: ReadHtmlCache Behavior ::run [ RunTime:0.000422s ]
INFO: [ app_begin ] --END-- [ RunTime:0.000492s ]

